
==2018/8/24==2:44:40==BEGIN RUNTIME DIAGNOSTIC DUMP
Note: this file stored in VisualWorks #source (UTF-8) encoding

Cause of Dump: Unhandled exception: Message not understood: #isAP
Image Identification: 'Image created 21 августа 2018 г.  22:30:01'
Smalltalk Version: 'VisualWorks® Personal Use Edition, 7.9 of 11.05.2012'
Object Memory versionId: #[72 47 72 160 79 0 0 0 72 47 72 160]
Class creating this dump: RuntimeFullDumper
Command Line: D:\Temp\Arduino\FLProg313Prt\flp.exe D:\Temp\Arduino\FLProg313Prt\flp.im
------------------------------------------------------------
Active Process
Process named: 'FLProg-3.1.3'
Process priority: 50
Process identity hash: 14880
Context Stack:
[1] 	Arduino.ESP8266ControllerWifiModule(Object)>>doesNotUnderstand:
[2] 	Arduino.FBDESP8266CodeCompiler(Arduino.CodeCompiler)>>bodyWebClientESP8266ControllerWiFiModuleBlock:
[3] 	Arduino.FBDESP8266CodeCompiler>>bodyWebClientBlock:
[4] 	Arduino.FBDWebClient>>bodyWithCompiler:
[5] 	optimized [] in Arduino.ArduinoBasicCodeCompiler>>bodyNetwork:
[6] 	OrderedCollection>>do:
[7] 	Arduino.FBDESP8266CodeCompiler(Arduino.ArduinoBasicCodeCompiler)>>bodyNetwork:
[8] 	optimized [] in Arduino.ArduinoBasicCodeCompiler>>bodyScheme
[9] 	OrderedCollection(SequenceableCollection)>>doWithIndex:
[10] 	Arduino.FBDESP8266CodeCompiler(Arduino.ArduinoBasicCodeCompiler)>>bodyScheme
[11] 	Arduino.FBDESP8266CodeCompiler(Arduino.ArduinoBasicCodeCompiler)>>loopSectionIn
[12] 	Arduino.FBDESP8266CodeCompiler(Arduino.ArduinoBasicCodeCompiler)>>codeString
[13] 	Arduino.FBDESP8266CodeCompiler(Arduino.ArduinoBasicCodeCompiler)>>preCompileTo:
[14] 	Arduino.FBDESP8266CodeCompiler(Arduino.ArduinoBasicCodeCompiler)>>compileTo:
[15] 	optimized [] in Arduino.MainUI>>compileProject
[16] 	optimized [] in ProgressOverlay class>>subsumeAll:while:
[17] 	BlockClosure>>ensure:
[18] 	ProgressOverlay class>>subsumeAll:while:
[19] 	ProgressOverlay class>>subsume:while:
[20] 	Arduino.MainUI>>compileProject
[21] 	optimized [] in ApplicationModel>>actionFor:
[22] 	optimized [] in ToolBar>>newButtonModelFor:
[23] 	optimized [] in ToolBar>>newButtonModelFor:
[24] 	PluggableAdaptor>>setValue:
[25] 	PluggableAdaptor(ValueModel)>>value:
[26] 	Win98ToolbarButtonController(TriggerButtonController)>>pressAction
[27] 	TriggerButtonTracker(BasicButtonTracker)>>finishSelectionFor:
[28] 	TriggerButtonTracker>>finishSelectionFor:
[29] 	TriggerButtonTracker(SelectionTracker)>>redButtonReleasedEvent:
[30] 	RedButtonReleasedEvent>>dispatchTo:
[31] 	TriggerButtonTracker(SelectionTracker)>>handleEvent:
[32] 	EventDispatcher>>dispatch:to:
[33] 	EventDispatcher>>dispatchEvent:
[34] 	RedButtonReleasedEvent(Event)>>dispatch
[35] 	RedButtonReleasedEvent(Event)>>dispatchForWindowManager:
[36] 	optimized [] in WindowManager>>safelyDispatchForWindowManager:
[37] 	BlockClosure>>on:do:
[38] 	WindowManager>>safelyDispatchForWindowManager:
[39] 	WindowManager>>processNextEvent
[40] 	optimized [] in [] in WindowManager>>newProcess
[41] 	BlockClosure>>on:do:
[42] 	optimized [] in WindowManager>>newProcess
[43] 	BlockClosure>>on:do:
[44] 	optimized [] in Process class>>forBlock:priority:

------------------------------------------------------------
Unhandled Exception:
	class: UnhandledException
	creator: UnhandledException
	errorString: Unhandled exception: Message not understood: #isAP
	parameter: a MessageNotUnderstood

------------------------------------------------------------
Initial Context Stack Arguments:
[1] Arduino.ESP8266ControllerWifiModule(Object)>>doesNotUnderstand:
	Receiver: (id=5465) an Arduino.ESP8266ControllerWifiModule
	Arg1: (id=15433) a Message with selector: #isAP and arguments: #()
[2] Arduino.FBDESP8266CodeCompiler(Arduino.CodeCompiler)>>bodyWebClientESP8266ControllerWiFiModuleBlock:
	Receiver: (id=9174) an Arduino.FBDESP8266CodeCompiler
	Arg1: (id=8024) an Arduino.FBDWebClient
[3] Arduino.FBDESP8266CodeCompiler>>bodyWebClientBlock:
	Receiver: (id=9174) an Arduino.FBDESP8266CodeCompiler
	Arg1: (id=8024) an Arduino.FBDWebClient
[4] Arduino.FBDWebClient>>bodyWithCompiler:
	Receiver: (id=8024) an Arduino.FBDWebClient
	Arg1: (id=9174) an Arduino.FBDESP8266CodeCompiler
[6] OrderedCollection>>do:
	Receiver: (id=2915) OrderedCollection (an Arduino.FBDTimerBlock an Arduino.FBDGeneratorBlock an A...
	Arg1: (id=13040) BlockClosure [] in Arduino.ArduinoBasicCodeCompiler>>bodyNetwork:
[7] Arduino.FBDESP8266CodeCompiler(Arduino.ArduinoBasicCodeCompiler)>>bodyNetwork:
	Receiver: (id=9174) an Arduino.FBDESP8266CodeCompiler
	Arg1: (id=8944) an Arduino.FBDNetWork
[9] OrderedCollection(SequenceableCollection)>>doWithIndex:
	Receiver: (id=6781) OrderedCollection (an Arduino.FBDNetWork)
	Arg1: (id=522) BlockClosure [] in Arduino.ArduinoBasicCodeCompiler>>bodyScheme
[10] Arduino.FBDESP8266CodeCompiler(Arduino.ArduinoBasicCodeCompiler)>>bodyScheme
	Receiver: (id=9174) an Arduino.FBDESP8266CodeCompiler
[11] Arduino.FBDESP8266CodeCompiler(Arduino.ArduinoBasicCodeCompiler)>>loopSectionIn
	Receiver: (id=9174) an Arduino.FBDESP8266CodeCompiler
[12] Arduino.FBDESP8266CodeCompiler(Arduino.ArduinoBasicCodeCompiler)>>codeString
	Receiver: (id=9174) an Arduino.FBDESP8266CodeCompiler
[13] Arduino.FBDESP8266CodeCompiler(Arduino.ArduinoBasicCodeCompiler)>>preCompileTo:
	Receiver: (id=9174) an Arduino.FBDESP8266CodeCompiler
	Arg1: (id=4388) a NTFSFilename('c:\Users\ivan\AppData\Local\Temp\flprog')
[14] Arduino.FBDESP8266CodeCompiler(Arduino.ArduinoBasicCodeCompiler)>>compileTo:
	Receiver: (id=9174) an Arduino.FBDESP8266CodeCompiler
	Arg1: (id=4388) a NTFSFilename('c:\Users\ivan\AppData\Local\Temp\flprog')
[17] BlockClosure>>ensure:
	Receiver: (id=14513) BlockClosure [] in ProgressOverlay class>>subsumeAll:while:
	Arg1: (id=8254) BlockClosure [] in ProgressOverlay class>>subsumeAll:while:
[18] ProgressOverlay class>>subsumeAll:while:
	Receiver: (id=9894) ProgressOverlay
	Arg1: (id=1995) #(an Arduino.ArduinoWindow 22)
	Arg2: (id=12120) BlockClosure [] in Arduino.MainUI>>compileProject
[19] ProgressOverlay class>>subsume:while:
	Receiver: (id=9894) ProgressOverlay
	Arg1: (id=5861) an Arduino.ArduinoWindow 22
	Arg2: (id=12120) BlockClosure [] in Arduino.MainUI>>compileProject
[20] Arduino.MainUI>>compileProject
	Receiver: (id=15986) an Arduino.MainUI
[24] PluggableAdaptor>>setValue:
	Receiver: (id=9727) a PluggableAdaptor
	Arg1: (id=3) true
[25] PluggableAdaptor(ValueModel)>>value:
	Receiver: (id=9727) a PluggableAdaptor
	Arg1: (id=3) true
[26] Win98ToolbarButtonController(TriggerButtonController)>>pressAction
	Receiver: (id=3468) a Win98ToolbarButtonController
[27] TriggerButtonTracker(BasicButtonTracker)>>finishSelectionFor:
	Receiver: (id=13593) a TriggerButtonTracker
	Arg1: (id=1075) 17 @ 22
[28] TriggerButtonTracker>>finishSelectionFor:
	Receiver: (id=13593) a TriggerButtonTracker
	Arg1: (id=1075) 17 @ 22
[29] TriggerButtonTracker(SelectionTracker)>>redButtonReleasedEvent:
	Receiver: (id=13593) a TriggerButtonTracker
	Arg1: (id=11200) a RedButtonReleasedEvent
[30] RedButtonReleasedEvent>>dispatchTo:
	Receiver: (id=11200) a RedButtonReleasedEvent
	Arg1: (id=13593) a TriggerButtonTracker
[31] TriggerButtonTracker(SelectionTracker)>>handleEvent:
	Receiver: (id=13593) a TriggerButtonTracker
	Arg1: (id=11200) a RedButtonReleasedEvent
[32] EventDispatcher>>dispatch:to:
	Receiver: (id=4941) an EventDispatcher
	Arg1: (id=11200) a RedButtonReleasedEvent
	Arg2: (id=13593) a TriggerButtonTracker
[33] EventDispatcher>>dispatchEvent:
	Receiver: (id=4941) an EventDispatcher
	Arg1: (id=11200) a RedButtonReleasedEvent
[34] RedButtonReleasedEvent(Event)>>dispatch
	Receiver: (id=11200) a RedButtonReleasedEvent
[35] RedButtonReleasedEvent(Event)>>dispatchForWindowManager:
	Receiver: (id=11200) a RedButtonReleasedEvent
	Arg1: (id=15066) a WindowManager
[37] BlockClosure>>on:do:
	Receiver: (id=8807) BlockClosure [] in WindowManager>>safelyDispatchForWindowManager:
	Arg1: (id=8473) BadControllerError
	Arg2: (id=2548) BlockClosure [] in WindowManager>>safelyDispatchForWindowManager:
[38] WindowManager>>safelyDispatchForWindowManager:
	Receiver: (id=15066) a WindowManager
	Arg1: (id=11200) a RedButtonReleasedEvent
[39] WindowManager>>processNextEvent
	Receiver: (id=15066) a WindowManager
[41] BlockClosure>>on:do:
	Receiver: (id=12673) BlockClosure [] in [] in WindowManager>>newProcess
	Arg1: (id=3873) TerminateException
	Arg2: (id=6414) BlockClosure [] in [] in WindowManager>>newProcess
[43] BlockClosure>>on:do:
	Receiver: (id=155) BlockClosure [] in WindowManager>>newProcess
	Arg1: (id=3873) TerminateException
	Arg2: (id=10777) BlockClosure [] in [] in Process class>>forBlock:priority:

------------------------------------------------------------
Quiescent Processes
Process named: 'IdleLoopProcess'
Process priority: 10
Process identity hash: 14146
Context Stack:
[1] 	Semaphore>>wait
[2] 	ObjectMemory class>>idleLoop
[3] 	optimized [] in ObjectMemory class>>installIdleLoopProcess
[4] 	BlockClosure>>on:do:
[5] 	optimized [] in Process class>>forBlock:priority:

Process named: 'Unnamed Process'
Process priority: 50
Process identity hash: 1628
Context Stack:
[1] 	Semaphore>>wait
[2] 	Delay>>wait
[3] 	optimized [] in Arduino.AbstractProtector>>start
[4] 	BlockClosure>>on:do:
[5] 	optimized [] in Process class>>forBlock:priority:

Process named: 'Unnamed Process'
Process priority: 50
Process identity hash: 11753
Context Stack:
[1] 	Semaphore>>wait
[2] 	Delay>>wait
[3] 	optimized [] in Arduino.MainUI>>startCheckAutoOpenFiles
[4] 	BlockClosure>>on:do:
[5] 	optimized [] in Process class>>forBlock:priority:

Process named: 'Unnamed Process'
Process priority: 50
Process identity hash: 5494
Context Stack:
[1] 	Semaphore>>wait
[2] 	Delay>>wait
[3] 	optimized [] in Arduino.MultiProjectAdaptor>>initialize
[4] 	BlockClosure>>on:do:
[5] 	optimized [] in Process class>>forBlock:priority:

------------------------------------------------------------
Suspended Processes
Process named: 'Runtime Packager'
Process priority: 50
Process identity hash: 9360
Context Stack:
[1] 	Semaphore>>waitIfCurtailedSignal
[2] 	EventQueue>>next
[3] 	WindowManager>>processNextEvent
[4] 	optimized [] in [] in WindowManager>>newProcess
[5] 	BlockClosure>>on:do:
[6] 	optimized [] in WindowManager>>newProcess
[7] 	BlockClosure>>on:do:
[8] 	optimized [] in Process class>>forBlock:priority:

Process named: 'ForeignCallbackProcess'
Process priority: 85
Process identity hash: 3101
Context Stack:
[1] 	Semaphore>>wait
[2] 	optimized [] in CCallback class>>installForeignCallbackProcess
[3] 	BlockClosure>>on:do:
[4] 	optimized [] in Process class>>forBlock:priority:

Process named: 'Unnamed Process'
Process priority: 50
Process identity hash: 5494
Context Stack:
[1] 	Semaphore>>wait
[2] 	Delay>>wait
[3] 	optimized [] in Arduino.MultiProjectAdaptor>>initialize
[4] 	BlockClosure>>on:do:
[5] 	optimized [] in Process class>>forBlock:priority:

Process named: 'Unnamed Process'
Process priority: 50
Process identity hash: 1628
Context Stack:
[1] 	Semaphore>>wait
[2] 	Delay>>wait
[3] 	optimized [] in Arduino.AbstractProtector>>start
[4] 	BlockClosure>>on:do:
[5] 	optimized [] in Process class>>forBlock:priority:

Process named: 'Unnamed Process'
Process priority: 50
Process identity hash: 11753
Context Stack:
[1] 	Semaphore>>wait
[2] 	Delay>>wait
[3] 	optimized [] in Arduino.MainUI>>startCheckAutoOpenFiles
[4] 	BlockClosure>>on:do:
[5] 	optimized [] in Process class>>forBlock:priority:

Process named: 'FinalizationProcess'
Process priority: 98
Process identity hash: 13226
Context Stack:
[1] 	Semaphore>>wait
[2] 	WeakArray class>>outerFinalizationLoop
[3] 	optimized [] in WeakArray class>>installFinalizationMechanism
[4] 	BlockClosure>>on:do:
[5] 	optimized [] in Process class>>forBlock:priority:

Process named: 'InputStateIOProcess'
Process priority: 90
Process identity hash: 6967
Context Stack:
[1] 	Semaphore>>wait
[2] 	InputState>>run
[3] 	optimized [] in InputState class>>install
[4] 	BlockClosure>>on:do:
[5] 	optimized [] in Process class>>forBlock:priority:

Process named: 'TimerActionProcess'
Process priority: 70
Process identity hash: 708
Context Stack:
[1] 	Semaphore>>waitIfCurtailedSignal
[2] 	SharedQueue>>next
[3] 	ClassicTimerSupport class>>actionLoop
[4] 	optimized [] in ClassicTimerSupport class>>configureTimerSystem
[5] 	BlockClosure>>on:do:
[6] 	optimized [] in Process class>>forBlock:priority:

Process named: 'TimerProcess'
Process priority: 100
Process identity hash: 10833
Context Stack:
[1] 	Semaphore>>wait
[2] 	optimized [] in ClassicTimerSupport class>>timingLoop
[3] 	BlockClosure>>repeat
[4] 	ClassicTimerSupport class>>timingLoop
[5] 	optimized [] in ClassicTimerSupport class>>configureTimerSystem
[6] 	BlockClosure>>on:do:
[7] 	optimized [] in Process class>>forBlock:priority:

Process named: 'ScavengeProcess'
Process priority: 90
Process identity hash: 4574
Context Stack:
[1] 	Semaphore>>wait
[2] 	optimized [] in ObjectMemory class>>installScavengeNotification
[3] 	BlockClosure>>on:do:
[4] 	optimized [] in Process class>>forBlock:priority:

Process named: 'IdleLoopProcess'
Process priority: 10
Process identity hash: 14146
Context Stack:
[1] 	Semaphore>>wait
[2] 	ObjectMemory class>>idleLoop
[3] 	optimized [] in ObjectMemory class>>installIdleLoopProcess
[4] 	BlockClosure>>on:do:
[5] 	optimized [] in Process class>>forBlock:priority:

Process named: 'LowSpaceProcess'
Process priority: 95
Process identity hash: 14699
Context Stack:
[1] 	Semaphore>>wait
[2] 	ObjectMemory class>>lowSpaceLoop
[3] 	optimized [] in ObjectMemory class>>installLowSpaceProcess
[4] 	BlockClosure>>on:do:
[5] 	optimized [] in Process class>>forBlock:priority:

Process named: 'CallbackProcess'
Process priority: 89
Process identity hash: 8440
Context Stack:
[1] 	Semaphore>>wait
[2] 	optimized [] in [] in [] in CCallback class>>installCallbackProcess
[3] 	BlockClosure>>on:do:
[4] 	optimized [] in [] in CCallback class>>installCallbackProcess
[5] 	BlockClosure>>on:do:
[6] 	optimized [] in CCallback class>>installCallbackProcess
[7] 	BlockClosure>>on:do:
[8] 	optimized [] in Process class>>forBlock:priority:

Process named: 'ForeignCallbackProcess'
Process priority: 85
Process identity hash: 2181
Context Stack:
[1] 	Semaphore>>wait
[2] 	optimized [] in CCallback class>>installForeignCallbackProcess
[3] 	BlockClosure>>on:do:
[4] 	optimized [] in Process class>>forBlock:priority:

------------------------------------------------------------
Transcript:
<<<BEGIN TRANSCRIPT>>>

flp.im created at 21 августа 2018 г. 22:31:04
<<<END TRANSCRIPT>>>

------------------------------------------------------------
Scheduled Windows:

	an Arduino.ArduinoWindow 22 label: 'FLProg-3.1.3'
		model class:  MainUI
		289 @ 959 	displayContents: 'ESP8266 NodeMcu v3  '
		4 @ 990   	displayContents: ''

==2018/8/24==2:44:40==END RUNTIME DIAGNOSTIC DUMP
